
🔍 DEBUG - Estrutura de diretórios:
📁 __dirname: C:\Users\pedro\OneDrive\Desktop\flor-de-iris\Flor-de-iris
📁 process.cwd(): C:\Users\pedro\OneDrive\Desktop\flor-de-iris\Flor-de-iris
📂 Arquivos em __dirname: [
  '.gitignore',          'data',
  'database.db',         'DEPLOY-RENDER.md',
  'node_modules',        'package-lock.json',
  'package.json',        'public',
  'README.md',           'scripts',
  'SEGURANCA.md',        'server-run.log',
  'server.err.log',      'server.js',
  'server.live.err.log', 'server.live.out.log',
  'server.out.log'
]
✅ Pasta public encontrada em: C:\Users\pedro\OneDrive\Desktop\flor-de-iris\Flor-de-iris\public
📂 Arquivos em public: [
  'admin.html',    'carrinho.html',
  'css',           'images',
  'index.html',    'js',
  'login.html',    'pagamento.html',
  'painel.html',   'perfil.html',
  'produtos.html', 'sw.js',
  'uploads',       'videos'
]


==================================================
🌸 Servidor Flor de Íris rodando em http://localhost:3001
==================================================
🛡️  Sistema de Segurança Ativo:
   ✓ Rate Limiting: 60 req/min por IP
   ✓ Bloqueio automático: 15 minutos
   ✓ Headers de segurança configurados
   ✓ Proteção XSS ativa
   ✓ Proteção contra clickjacking
   ✓ Logging de requisições
==================================================
[2025-12-30T23:20:16.622Z] ::1 - GET /?v=force-update-2&id=f756a835-9e8b-44d4-8d0f-bfe807f0d0ba&vscodeBrowserReqId=1767136816611
[2025-12-30T23:20:26.840Z] ::1 - GET /?v=force-update-2
[2025-12-30T23:20:26.952Z] ::1 - GET /css/style.css?v=20251231
[2025-12-30T23:20:26.957Z] ::1 - GET /js/config.js?v=20251231
[2025-12-30T23:20:26.961Z] ::1 - GET /js/script.js?v=20251231
[2025-12-30T23:20:26.965Z] ::1 - GET /js/suporte.js?v=20251231
[2025-12-30T23:20:27.682Z] ::1 - GET /api/suporte/ai/status
[2025-12-30T23:20:37.517Z] ::1 - GET /carrinho.html
[2025-12-30T23:20:37.737Z] ::1 - GET /css/style.css?v=20251231
[2025-12-30T23:20:37.779Z] ::1 - GET /js/config.js?v=20251231
[2025-12-30T23:20:37.786Z] ::1 - GET /js/carrinho.js?v=20251231
[2025-12-30T23:20:37.795Z] ::1 - GET /js/script.js?v=20251231
[2025-12-30T23:20:37.798Z] ::1 - GET /js/suporte.js?v=20251231
[2025-12-30T23:20:38.780Z] ::1 - GET /api/suporte/ai/status
[2025-12-30T23:20:40.067Z] ::1 - GET /index.html
[2025-12-30T23:20:40.217Z] ::1 - GET /css/style.css?v=20251231
[2025-12-30T23:20:40.255Z] ::1 - GET /images/hero-sabonetes.svg
[2025-12-30T23:20:40.258Z] ::1 - GET /js/config.js?v=20251231
[2025-12-30T23:20:40.268Z] ::1 - GET /js/script.js?v=20251231
[2025-12-30T23:20:40.271Z] ::1 - GET /js/suporte.js?v=20251231
[2025-12-30T23:20:40.604Z] ::1 - GET /api/suporte/ai/status
[2025-12-30T23:21:04.371Z] ::1 - GET /carrinho.html
[2025-12-30T23:21:04.521Z] ::1 - GET /css/style.css?v=20251231
[2025-12-30T23:21:04.561Z] ::1 - GET /js/config.js?v=20251231
[2025-12-30T23:21:04.563Z] ::1 - GET /js/carrinho.js?v=20251231
[2025-12-30T23:21:04.572Z] ::1 - GET /js/script.js?v=20251231
[2025-12-30T23:21:04.576Z] ::1 - GET /js/suporte.js?v=20251231
[2025-12-30T23:21:05.078Z] ::1 - GET /api/suporte/ai/status
[2025-12-30T23:26:57.732Z] ::1 - GET /index.html?v=rastreio&id=f756a835-9e8b-44d4-8d0f-bfe807f0d0ba&vscodeBrowserReqId=1767137217725
[2025-12-30T23:29:18.339Z] ::1 - GET /carrinho.html
[2025-12-30T23:29:18.397Z] ::1 - GET /css/style.css?v=20251231
[2025-12-30T23:29:18.418Z] ::1 - GET /js/config.js?v=20251231
[2025-12-30T23:29:18.419Z] ::1 - GET /js/carrinho.js?v=20251231
[2025-12-30T23:29:18.420Z] ::1 - GET /js/script.js?v=20251231
[2025-12-30T23:29:18.429Z] ::1 - GET /js/suporte.js?v=20251231
[2025-12-30T23:29:18.548Z] ::1 - GET /api/suporte/ai/status
[2025-12-30T23:33:12.968Z] ::1 - GET /index.html?v=bell&id=f756a835-9e8b-44d4-8d0f-bfe807f0d0ba&vscodeBrowserReqId=1767137592962
[2025-12-30T23:36:37.294Z] ::1 - GET /index.html?v=rastreio-popover&id=f756a835-9e8b-44d4-8d0f-bfe807f0d0ba&vscodeBrowserReqId=1767137797289
[2025-12-30T23:36:48.917Z] ::1 - GET /carrinho.html
[2025-12-30T23:36:48.978Z] ::1 - GET /css/style.css?v=20251231
[2025-12-30T23:36:48.981Z] ::1 - GET /js/config.js?v=20251231
[2025-12-30T23:36:48.982Z] ::1 - GET /js/rastreio.js?v=20251231
[2025-12-30T23:36:48.983Z] ::1 - GET /js/carrinho.js?v=20251231
[2025-12-30T23:36:48.992Z] ::1 - GET /js/script.js?v=20251231
[2025-12-30T23:36:48.995Z] ::1 - GET /js/suporte.js?v=20251231
[2025-12-30T23:36:49.028Z] ::1 - GET /api/suporte/ai/status
[2025-12-30T23:37:45.082Z] ::1 - GET /index.html?v=rastreio-logo-rastreae&id=f756a835-9e8b-44d4-8d0f-bfe807f0d0ba&vscodeBrowserReqId=1767137865077
[2025-12-30T23:38:15.228Z] ::1 - GET /carrinho.html
[2025-12-30T23:38:15.412Z] ::1 - GET /css/style.css?v=20251231
[2025-12-30T23:38:15.416Z] ::1 - GET /js/config.js?v=20251231
[2025-12-30T23:38:15.417Z] ::1 - GET /js/rastreio.js?v=20251231
[2025-12-30T23:38:15.418Z] ::1 - GET /js/carrinho.js?v=20251231
[2025-12-30T23:38:15.421Z] ::1 - GET /js/script.js?v=20251231
[2025-12-30T23:38:15.428Z] ::1 - GET /js/suporte.js?v=20251231
[2025-12-30T23:38:15.528Z] ::1 - GET /api/suporte/ai/status
[2025-12-30T23:38:28.817Z] ::1 - GET /index.html
[2025-12-30T23:38:28.902Z] ::1 - GET /css/style.css?v=20251231
[2025-12-30T23:38:28.915Z] ::1 - GET /images/hero-sabonetes.svg
[2025-12-30T23:38:28.916Z] ::1 - GET /js/config.js?v=20251231
[2025-12-30T23:38:28.917Z] ::1 - GET /js/rastreio.js?v=20251231
[2025-12-30T23:38:28.918Z] ::1 - GET /js/script.js?v=20251231
[2025-12-30T23:38:28.918Z] ::1 - GET /js/suporte.js?v=20251231
[2025-12-30T23:38:29.056Z] ::1 - GET /api/suporte/ai/status
[2025-12-30T23:38:30.000Z] ::1 - GET /carrinho.html
[2025-12-30T23:38:30.091Z] ::1 - GET /css/style.css?v=20251231
[2025-12-30T23:38:30.093Z] ::1 - GET /js/config.js?v=20251231
[2025-12-30T23:38:30.094Z] ::1 - GET /js/rastreio.js?v=20251231
[2025-12-30T23:38:30.095Z] ::1 - GET /js/carrinho.js?v=20251231
[2025-12-30T23:38:30.096Z] ::1 - GET /js/script.js?v=20251231
[2025-12-30T23:38:30.096Z] ::1 - GET /js/suporte.js?v=20251231
[2025-12-30T23:38:30.313Z] ::1 - GET /api/suporte/ai/status
[2025-12-30T23:38:30.421Z] ::1 - GET /index.html
[2025-12-30T23:38:30.494Z] ::1 - GET /css/style.css?v=20251231
[2025-12-30T23:38:30.495Z] ::1 - GET /js/config.js?v=20251231
[2025-12-30T23:38:30.496Z] ::1 - GET /js/rastreio.js?v=20251231
[2025-12-30T23:38:30.497Z] ::1 - GET /images/hero-sabonetes.svg
[2025-12-30T23:38:30.498Z] ::1 - GET /js/script.js?v=20251231
[2025-12-30T23:38:30.499Z] ::1 - GET /js/suporte.js?v=20251231
[2025-12-30T23:38:30.608Z] ::1 - GET /api/suporte/ai/status
[2025-12-30T23:38:31.304Z] ::1 - GET /carrinho.html
[2025-12-30T23:38:31.424Z] ::1 - GET /css/style.css?v=20251231
[2025-12-30T23:38:31.427Z] ::1 - GET /js/config.js?v=20251231
[2025-12-30T23:38:31.427Z] ::1 - GET /js/rastreio.js?v=20251231
[2025-12-30T23:38:31.428Z] ::1 - GET /js/carrinho.js?v=20251231
[2025-12-30T23:38:31.429Z] ::1 - GET /js/script.js?v=20251231
[2025-12-30T23:38:31.429Z] ::1 - GET /js/suporte.js?v=20251231
[2025-12-30T23:38:31.551Z] ::1 - GET /api/suporte/ai/status
[2025-12-30T23:38:32.217Z] ::1 - GET /index.html
[2025-12-30T23:38:32.325Z] ::1 - GET /css/style.css?v=20251231
[2025-12-30T23:38:32.330Z] ::1 - GET /images/hero-sabonetes.svg
[2025-12-30T23:38:32.331Z] ::1 - GET /js/config.js?v=20251231
[2025-12-30T23:38:32.332Z] ::1 - GET /js/rastreio.js?v=20251231
[2025-12-30T23:38:32.333Z] ::1 - GET /js/script.js?v=20251231
[2025-12-30T23:38:32.334Z] ::1 - GET /js/suporte.js?v=20251231
[2025-12-30T23:38:32.498Z] ::1 - GET /api/suporte/ai/status
[2025-12-30T23:38:33.319Z] ::1 - GET /carrinho.html
[2025-12-30T23:38:33.454Z] ::1 - GET /css/style.css?v=20251231
[2025-12-30T23:38:33.455Z] ::1 - GET /js/config.js?v=20251231
[2025-12-30T23:38:33.459Z] ::1 - GET /js/rastreio.js?v=20251231
[2025-12-30T23:38:33.460Z] ::1 - GET /js/carrinho.js?v=20251231
[2025-12-30T23:38:33.461Z] ::1 - GET /js/script.js?v=20251231
[2025-12-30T23:38:33.462Z] ::1 - GET /js/suporte.js?v=20251231
[2025-12-30T23:38:33.736Z] ::1 - GET /api/suporte/ai/status
[2025-12-30T23:38:34.466Z] ::1 - GET /index.html
[2025-12-30T23:38:34.595Z] ::1 - GET /css/style.css?v=20251231
[2025-12-30T23:38:34.596Z] ::1 - GET /images/hero-sabonetes.svg
[2025-12-30T23:38:34.598Z] ::1 - GET /js/config.js?v=20251231
[2025-12-30T23:38:34.599Z] ::1 - GET /js/rastreio.js?v=20251231
[2025-12-30T23:38:34.600Z] ::1 - GET /js/script.js?v=20251231
[2025-12-30T23:38:34.601Z] ::1 - GET /js/suporte.js?v=20251231
[2025-12-30T23:38:34.780Z] ::1 - GET /api/suporte/ai/status
[2025-12-30T23:38:35.821Z] ::1 - GET /carrinho.html
[2025-12-30T23:38:35.947Z] ::1 - GET /css/style.css?v=20251231
[2025-12-30T23:38:35.949Z] ::1 - GET /js/config.js?v=20251231
[2025-12-30T23:38:35.950Z] ::1 - GET /js/rastreio.js?v=20251231
[2025-12-30T23:38:35.952Z] ::1 - GET /js/carrinho.js?v=20251231
[2025-12-30T23:38:35.953Z] ::1 - GET /js/script.js?v=20251231
[2025-12-30T23:38:35.954Z] ::1 - GET /js/suporte.js?v=20251231
[2025-12-30T23:38:36.247Z] ::1 - GET /api/suporte/ai/status
[2025-12-30T23:38:37.315Z] ::1 - GET /index.html
[2025-12-30T23:38:37.430Z] ::1 - GET /css/style.css?v=20251231
[2025-12-30T23:38:37.432Z] ::1 - GET /images/hero-sabonetes.svg
[2025-12-30T23:38:37.433Z] ::1 - GET /js/config.js?v=20251231
[2025-12-30T23:38:37.435Z] ::1 - GET /js/rastreio.js?v=20251231
[2025-12-30T23:38:37.436Z] ::1 - GET /js/script.js?v=20251231
[2025-12-30T23:38:37.438Z] ::1 - GET /js/suporte.js?v=20251231
[2025-12-30T23:38:37.612Z] ::1 - GET /api/suporte/ai/status
[2025-12-30T23:38:39.312Z] ::1 - GET /carrinho.html
[2025-12-30T23:38:39.454Z] ::1 - GET /css/style.css?v=20251231
[2025-12-30T23:38:39.456Z] ::1 - GET /js/config.js?v=20251231
[2025-12-30T23:38:39.458Z] ::1 - GET /js/rastreio.js?v=20251231
[2025-12-30T23:38:39.460Z] ::1 - GET /js/carrinho.js?v=20251231
[2025-12-30T23:38:39.461Z] ::1 - GET /js/script.js?v=20251231
[2025-12-30T23:38:39.462Z] ::1 - GET /js/suporte.js?v=20251231
[2025-12-30T23:38:39.733Z] ::1 - GET /api/suporte/ai/status
[2025-12-30T23:38:40.303Z] ::1 - GET /index.html
[2025-12-30T23:38:40.419Z] ::1 - GET /css/style.css?v=20251231
[2025-12-30T23:38:40.421Z] ::1 - GET /images/hero-sabonetes.svg
[2025-12-30T23:38:40.423Z] ::1 - GET /js/config.js?v=20251231
[2025-12-30T23:38:40.424Z] ::1 - GET /js/rastreio.js?v=20251231
[2025-12-30T23:38:40.425Z] ::1 - GET /js/script.js?v=20251231
[2025-12-30T23:38:40.428Z] ::1 - GET /js/suporte.js?v=20251231
[2025-12-30T23:38:40.618Z] ::1 - GET /api/suporte/ai/status
[2025-12-30T23:40:11.132Z] ::1 - GET /carrinho.html?v=no-bar&id=f756a835-9e8b-44d4-8d0f-bfe807f0d0ba&vscodeBrowserReqId=1767138011125
[2025-12-30T23:40:17.670Z] ::1 - GET /index.html
[2025-12-30T23:40:17.757Z] ::1 - GET /css/style.css?v=20251231
[2025-12-30T23:40:17.784Z] ::1 - GET /images/hero-sabonetes.svg
[2025-12-30T23:40:17.787Z] ::1 - GET /js/config.js?v=20251231
[2025-12-30T23:40:17.788Z] ::1 - GET /js/rastreio.js?v=20251231
[2025-12-30T23:40:17.789Z] ::1 - GET /js/script.js?v=20251231
[2025-12-30T23:40:17.790Z] ::1 - GET /js/suporte.js?v=20251231
[2025-12-30T23:40:17.821Z] ::1 - GET /api/suporte/ai/status
[2025-12-30T23:45:42.155Z] ::1 - GET /carrinho.html
[2025-12-30T23:45:42.274Z] ::1 - GET /css/style.css?v=20251231
[2025-12-30T23:45:42.295Z] ::1 - GET /js/config.js?v=20251231
[2025-12-30T23:45:42.297Z] ::1 - GET /js/rastreio.js?v=20251231
[2025-12-30T23:45:42.298Z] ::1 - GET /js/carrinho.js?v=20251231
[2025-12-30T23:45:42.307Z] ::1 - GET /js/script.js?v=20251231
[2025-12-30T23:45:42.311Z] ::1 - GET /js/suporte.js?v=20251231
[2025-12-30T23:45:42.822Z] ::1 - GET /api/suporte/ai/status
[2025-12-30T23:47:09.372Z] ::1 - GET /produtos.html
[2025-12-30T23:47:09.497Z] ::1 - GET /css/style.css?v=20251231
[2025-12-30T23:47:09.522Z] ::1 - GET /js/config.js?v=20251231
[2025-12-30T23:47:09.524Z] ::1 - GET /js/rastreio.js?v=20251231
[2025-12-30T23:47:09.526Z] ::1 - GET /js/produtos.js?v=20251231
[2025-12-30T23:47:09.534Z] ::1 - GET /js/script.js?v=20251231
[2025-12-30T23:47:09.537Z] ::1 - GET /js/suporte.js?v=20251231
[2025-12-30T23:47:10.104Z] ::1 - GET /api/suporte/ai/status
[2025-12-30T23:47:11.748Z] ::1 - GET /carrinho.html
[2025-12-30T23:47:11.907Z] ::1 - GET /css/style.css?v=20251231
[2025-12-30T23:47:11.934Z] ::1 - GET /js/config.js?v=20251231
[2025-12-30T23:47:11.935Z] ::1 - GET /js/rastreio.js?v=20251231
[2025-12-30T23:47:11.944Z] ::1 - GET /js/carrinho.js?v=20251231
[2025-12-30T23:47:11.946Z] ::1 - GET /js/script.js?v=20251231
[2025-12-30T23:47:11.949Z] ::1 - GET /js/suporte.js?v=20251231
[2025-12-30T23:47:12.351Z] ::1 - GET /api/suporte/ai/status
[2025-12-30T23:47:14.465Z] ::1 - GET /produtos.html
[2025-12-30T23:47:14.599Z] ::1 - GET /css/style.css?v=20251231
[2025-12-30T23:47:14.624Z] ::1 - GET /js/config.js?v=20251231
[2025-12-30T23:47:14.626Z] ::1 - GET /js/rastreio.js?v=20251231
[2025-12-30T23:47:14.627Z] ::1 - GET /js/produtos.js?v=20251231
[2025-12-30T23:47:14.628Z] ::1 - GET /js/script.js?v=20251231
[2025-12-30T23:47:14.637Z] ::1 - GET /js/suporte.js?v=20251231
[2025-12-30T23:47:14.992Z] ::1 - GET /api/suporte/ai/status
[2025-12-30T23:47:18.095Z] ::1 - GET /carrinho.html
[2025-12-30T23:47:18.244Z] ::1 - GET /css/style.css?v=20251231
[2025-12-30T23:47:18.245Z] ::1 - GET /js/config.js?v=20251231
[2025-12-30T23:47:18.248Z] ::1 - GET /js/rastreio.js?v=20251231
[2025-12-30T23:47:18.249Z] ::1 - GET /js/carrinho.js?v=20251231
[2025-12-30T23:47:18.251Z] ::1 - GET /js/script.js?v=20251231
[2025-12-30T23:47:18.252Z] ::1 - GET /js/suporte.js?v=20251231
[2025-12-30T23:47:18.584Z] ::1 - GET /api/suporte/ai/status
[2025-12-30T23:53:10.172Z] ::1 - GET /confirmacao.html?id=f756a835-9e8b-44d4-8d0f-bfe807f0d0ba&vscodeBrowserReqId=1767138790158
[2025-12-30T23:53:14.012Z] ::1 - GET /carrinho.html?id=f756a835-9e8b-44d4-8d0f-bfe807f0d0ba&vscodeBrowserReqId=1767138794003
[2025-12-30T23:53:24.602Z] ::1 - GET /carrinho.html
[2025-12-30T23:53:24.709Z] ::1 - GET /css/style.css?v=20251231
[2025-12-30T23:53:24.722Z] ::1 - GET /js/config.js?v=20251231
[2025-12-30T23:53:24.723Z] ::1 - GET /js/rastreio.js?v=20251231
[2025-12-30T23:53:24.724Z] ::1 - GET /js/carrinho.js?v=20251231
[2025-12-30T23:53:24.736Z] ::1 - GET /js/script.js?v=20251231
[2025-12-30T23:53:24.737Z] ::1 - GET /js/suporte.js?v=20251231
[2025-12-30T23:53:24.806Z] ::1 - GET /api/suporte/ai/status
[2025-12-30T23:53:27.566Z] ::1 - GET /pagamento.html
[2025-12-30T23:53:27.690Z] ::1 - GET /css/style.css?v=20251231
[2025-12-30T23:53:27.702Z] ::1 - GET /js/config.js?v=20251231
[2025-12-30T23:53:27.703Z] ::1 - GET /js/rastreio.js?v=20251231
[2025-12-30T23:53:27.704Z] ::1 - GET /js/pagamento.js?v=20251231
[2025-12-30T23:53:48.365Z] ::1 - POST /api/comprovantes
[2025-12-30T23:53:48.394Z] ::1 - POST /api/pedidos
[2025-12-30T23:53:50.762Z] ::1 - GET /confirmacao.html
[2025-12-30T23:53:50.850Z] ::1 - GET /css/style.css?v=20251231
[2025-12-30T23:53:50.864Z] ::1 - GET /js/config.js?v=20251231
[2025-12-30T23:53:50.865Z] ::1 - GET /js/rastreio.js?v=20251231
[2025-12-30T23:53:50.892Z] ::1 - GET /js/confirmacao.js?v=20251231
[2025-12-30T23:53:50.898Z] ::1 - GET /js/script.js?v=20251231
[2025-12-30T23:53:50.905Z] ::1 - GET /js/suporte.js?v=20251231
[2025-12-30T23:53:50.979Z] ::1 - GET /api/pedidos
[2025-12-30T23:53:51.035Z] ::1 - GET /api/suporte/ai/status
[2025-12-30T23:56:53.364Z] ::1 - GET /confirmacao.html?id=f756a835-9e8b-44d4-8d0f-bfe807f0d0ba&vscodeBrowserReqId=1767139013358
[2025-12-30T23:56:56.545Z] ::1 - GET /carrinho.html?id=f756a835-9e8b-44d4-8d0f-bfe807f0d0ba&vscodeBrowserReqId=1767139016540
[2025-12-30T23:58:20.093Z] ::1 - GET /confirmacao.html
[2025-12-30T23:58:20.298Z] ::1 - GET /css/style.css?v=20251231
[2025-12-30T23:58:20.302Z] ::1 - GET /js/config.js?v=20251231
[2025-12-30T23:58:20.304Z] ::1 - GET /js/rastreio.js?v=20251231
[2025-12-30T23:58:20.310Z] ::1 - GET /js/confirmacao.js?v=20251231
[2025-12-30T23:58:20.312Z] ::1 - GET /js/script.js?v=20251231
[2025-12-30T23:58:20.314Z] ::1 - GET /js/suporte.js?v=20251231
[2025-12-30T23:58:20.399Z] ::1 - GET /api/pedidos
[2025-12-30T23:58:20.444Z] ::1 - GET /api/suporte/ai/status
[2025-12-30T23:58:23.340Z] ::1 - GET /carrinho.html
[2025-12-30T23:58:23.574Z] ::1 - GET /css/style.css?v=20251231
[2025-12-30T23:58:23.577Z] ::1 - GET /js/config.js?v=20251231
[2025-12-30T23:58:23.578Z] ::1 - GET /js/rastreio.js?v=20251231
[2025-12-30T23:58:23.581Z] ::1 - GET /js/carrinho.js?v=20251231
[2025-12-30T23:58:23.582Z] ::1 - GET /js/script.js?v=20251231
[2025-12-30T23:58:23.585Z] ::1 - GET /js/suporte.js?v=20251231
[2025-12-30T23:58:23.649Z] ::1 - GET /api/pedidos
[2025-12-30T23:58:23.676Z] ::1 - GET /api/suporte/ai/status
[2025-12-30T23:58:28.487Z] ::1 - GET /produtos.html
[2025-12-30T23:58:28.608Z] ::1 - GET /css/style.css?v=20251231
[2025-12-30T23:58:28.625Z] ::1 - GET /js/config.js?v=20251231
[2025-12-30T23:58:28.633Z] ::1 - GET /js/rastreio.js?v=20251231
[2025-12-30T23:58:28.637Z] ::1 - GET /js/produtos.js?v=20251231
[2025-12-30T23:58:28.640Z] ::1 - GET /js/script.js?v=20251231
[2025-12-30T23:58:28.642Z] ::1 - GET /js/suporte.js?v=20251231
[2025-12-30T23:58:29.026Z] ::1 - GET /api/suporte/ai/status
[2025-12-30T23:58:36.262Z] ::1 - GET /carrinho.html
[2025-12-30T23:58:36.360Z] ::1 - GET /css/style.css?v=20251231
[2025-12-30T23:58:36.385Z] ::1 - GET /js/config.js?v=20251231
[2025-12-30T23:58:36.386Z] ::1 - GET /js/rastreio.js?v=20251231
[2025-12-30T23:58:36.387Z] ::1 - GET /js/carrinho.js?v=20251231
[2025-12-30T23:58:36.388Z] ::1 - GET /js/script.js?v=20251231
[2025-12-30T23:58:36.397Z] ::1 - GET /js/suporte.js?v=20251231
[2025-12-30T23:58:36.514Z] ::1 - GET /api/pedidos
[2025-12-30T23:58:36.566Z] ::1 - GET /api/suporte/ai/status
[2025-12-30T23:58:44.942Z] ::1 - GET /carrinho.html
[2025-12-30T23:58:45.128Z] ::1 - GET /css/style.css?v=20251231
[2025-12-30T23:58:45.130Z] ::1 - GET /js/config.js?v=20251231
[2025-12-30T23:58:45.138Z] ::1 - GET /js/rastreio.js?v=20251231
[2025-12-30T23:58:45.143Z] ::1 - GET /js/carrinho.js?v=20251231
[2025-12-30T23:58:45.145Z] ::1 - GET /js/script.js?v=20251231
[2025-12-30T23:58:45.146Z] ::1 - GET /js/suporte.js?v=20251231
[2025-12-30T23:58:45.189Z] ::1 - GET /api/pedidos
[2025-12-30T23:58:45.199Z] ::1 - GET /api/suporte/ai/status
[2025-12-31T00:04:11.666Z] ::1 - GET /index.html?id=f756a835-9e8b-44d4-8d0f-bfe807f0d0ba&vscodeBrowserReqId=1767139451662
[2025-12-31T00:04:29.101Z] ::1 - GET /carrinho.html
[2025-12-31T00:04:29.216Z] ::1 - GET /css/style.css?v=20251231
[2025-12-31T00:04:29.226Z] ::1 - GET /js/config.js?v=20251231
[2025-12-31T00:04:29.228Z] ::1 - GET /js/rastreio.js?v=20251231
[2025-12-31T00:04:29.229Z] ::1 - GET /js/carrinho.js?v=20251231
[2025-12-31T00:04:29.239Z] ::1 - GET /js/script.js?v=20251231
[2025-12-31T00:04:29.243Z] ::1 - GET /js/suporte.js?v=20251231
[2025-12-31T00:04:29.283Z] ::1 - GET /api/pedidos
[2025-12-31T00:04:29.301Z] ::1 - GET /api/suporte/ai/status
[2025-12-31T00:04:31.291Z] ::1 - GET /carrinho.html
[2025-12-31T00:04:31.388Z] ::1 - GET /css/style.css?v=20251231
[2025-12-31T00:04:31.393Z] ::1 - GET /js/config.js?v=20251231
[2025-12-31T00:04:31.395Z] ::1 - GET /js/rastreio.js?v=20251231
[2025-12-31T00:04:31.396Z] ::1 - GET /js/carrinho.js?v=20251231
[2025-12-31T00:04:31.398Z] ::1 - GET /js/script.js?v=20251231
[2025-12-31T00:04:31.407Z] ::1 - GET /js/suporte.js?v=20251231
[2025-12-31T00:04:31.703Z] ::1 - GET /api/pedidos
[2025-12-31T00:04:31.737Z] ::1 - GET /api/suporte/ai/status
[2025-12-31T00:04:36.292Z] ::1 - GET /pagamento.html
[2025-12-31T00:04:36.388Z] ::1 - GET /css/style.css?v=20251231
[2025-12-31T00:04:36.398Z] ::1 - GET /js/config.js?v=20251231
[2025-12-31T00:04:36.400Z] ::1 - GET /js/rastreio.js?v=20251231
[2025-12-31T00:04:36.401Z] ::1 - GET /js/pagamento.js?v=20251231
[2025-12-31T00:04:45.344Z] ::1 - POST /api/comprovantes
[2025-12-31T00:04:45.366Z] ::1 - POST /api/pedidos
[2025-12-31T00:04:46.720Z] ::1 - GET /confirmacao.html
[2025-12-31T00:04:46.790Z] ::1 - GET /css/style.css?v=20251231
[2025-12-31T00:04:46.791Z] ::1 - GET /js/config.js?v=20251231
[2025-12-31T00:04:46.804Z] ::1 - GET /js/rastreio.js?v=20251231
[2025-12-31T00:04:46.805Z] ::1 - GET /js/confirmacao.js?v=20251231
[2025-12-31T00:04:46.810Z] ::1 - GET /js/script.js?v=20251231
[2025-12-31T00:04:46.830Z] ::1 - GET /js/suporte.js?v=20251231
[2025-12-31T00:04:46.849Z] ::1 - GET /api/pedidos
[2025-12-31T00:04:46.865Z] ::1 - GET /api/suporte/ai/status
[2025-12-31T00:04:56.280Z] ::1 - GET /confirmacao.html
[2025-12-31T00:04:56.373Z] ::1 - GET /css/style.css?v=20251231
[2025-12-31T00:04:56.387Z] ::1 - GET /js/config.js?v=20251231
[2025-12-31T00:04:56.389Z] ::1 - GET /js/rastreio.js?v=20251231
[2025-12-31T00:04:56.399Z] ::1 - GET /js/confirmacao.js?v=20251231
[2025-12-31T00:04:56.403Z] ::1 - GET /js/script.js?v=20251231
[2025-12-31T00:04:56.405Z] ::1 - GET /js/suporte.js?v=20251231
[2025-12-31T00:04:56.794Z] ::1 - GET /api/pedidos
[2025-12-31T00:04:56.911Z] ::1 - GET /api/suporte/ai/status
[2025-12-31T00:06:22.001Z] ::1 - GET /confirmacao.html?id=f756a835-9e8b-44d4-8d0f-bfe807f0d0ba&vscodeBrowserReqId=1767139581981
[2025-12-31T00:06:35.506Z] ::1 - GET /confirmacao.html
[2025-12-31T00:06:35.598Z] ::1 - GET /css/style.css?v=20251231
[2025-12-31T00:06:35.612Z] ::1 - GET /js/config.js?v=20251231
[2025-12-31T00:06:35.614Z] ::1 - GET /js/rastreio.js?v=20251231
[2025-12-31T00:06:35.616Z] ::1 - GET /js/confirmacao.js?v=20251231
[2025-12-31T00:06:35.617Z] ::1 - GET /js/script.js?v=20251231
[2025-12-31T00:06:35.618Z] ::1 - GET /js/suporte.js?v=20251231
[2025-12-31T00:06:35.674Z] ::1 - GET /api/pedidos
[2025-12-31T00:06:35.708Z] ::1 - GET /api/suporte/ai/status
[2025-12-31T00:09:44.607Z] ::1 - GET /index.html?id=f756a835-9e8b-44d4-8d0f-bfe807f0d0ba&vscodeBrowserReqId=1767139784599
[2025-12-31T00:10:17.434Z] ::1 - GET /confirmacao.html
[2025-12-31T00:10:17.510Z] ::1 - GET /css/style.css?v=20251231
[2025-12-31T00:10:17.521Z] ::1 - GET /js/config.js?v=20251231
[2025-12-31T00:10:17.523Z] ::1 - GET /js/rastreio.js?v=20251231
[2025-12-31T00:10:17.534Z] ::1 - GET /js/confirmacao.js?v=20251231
[2025-12-31T00:10:17.536Z] ::1 - GET /js/script.js?v=20251231
[2025-12-31T00:10:17.537Z] ::1 - GET /js/suporte.js?v=20251231
[2025-12-31T00:10:17.628Z] ::1 - GET /api/pedidos
[2025-12-31T00:10:17.651Z] ::1 - GET /api/suporte/ai/status
[2025-12-31T00:10:18.617Z] ::1 - GET /api/pedidos
[2025-12-31T00:10:29.545Z] ::1 - GET /api/pedidos
[2025-12-31T00:10:52.585Z] ::1 - GET /painel.html
[2025-12-31T00:10:52.665Z] ::1 - GET /js/config.js?v=20251231
[2025-12-31T00:10:52.678Z] ::1 - GET /js/security.js?v=20251231
[2025-12-31T00:10:52.680Z] ::1 - GET /css/style.css
[2025-12-31T00:10:52.681Z] ::1 - GET /js/painel.js?v=20251231
[2025-12-31T00:10:52.682Z] ::1 - GET /js/suporte.js?v=20251231
[2025-12-31T00:10:54.891Z] ::1 - GET /admin.html
[2025-12-31T00:10:54.904Z] ::1 - GET /api/suporte/ai/status
[2025-12-31T00:10:54.947Z] ::1 - GET /css/style.css
[2025-12-31T00:10:54.949Z] ::1 - GET /js/config.js?v=20251231
[2025-12-31T00:10:54.949Z] ::1 - GET /js/security.js?v=20251231
[2025-12-31T00:10:54.950Z] ::1 - GET /js/admin.js?v=20251231
[2025-12-31T00:10:57.067Z] ::1 - GET /painel.html
[2025-12-31T00:10:57.125Z] ::1 - GET /css/style.css
[2025-12-31T00:10:57.126Z] ::1 - GET /js/config.js?v=20251231
[2025-12-31T00:10:57.127Z] ::1 - GET /js/security.js?v=20251231
[2025-12-31T00:10:57.128Z] ::1 - GET /js/painel.js?v=20251231
[2025-12-31T00:10:57.129Z] ::1 - GET /js/suporte.js?v=20251231
[2025-12-31T00:10:57.165Z] ::1 - GET /api/pedidos
[2025-12-31T00:10:57.219Z] ::1 - GET /api/pedidos
[2025-12-31T00:10:57.233Z] ::1 - GET /api/suporte/ai/status
[2025-12-31T00:10:57.240Z] ::1 - GET /api/pedidos
[2025-12-31T00:11:02.897Z] ::1 - GET /api/pedidos
[2025-12-31T00:11:05.092Z] ::1 - GET /api/pedidos
[2025-12-31T00:11:09.794Z] ::1 - GET /api/pedidos
[2025-12-31T00:11:11.298Z] ::1 - GET /api/pedidos
[2025-12-31T00:11:11.340Z] ::1 - GET /uploads/comprovantes/1767122011833_0f3e0cbe_comprovante-140063250530.pdf
[2025-12-31T00:11:14.054Z] ::1 - GET /api/pedidos
[2025-12-31T00:11:15.697Z] ::1 - GET /api/pedidos
[2025-12-31T00:11:21.456Z] ::1 - PATCH /api/pedidos/1767139485359
[2025-12-31T00:11:21.467Z] ::1 - GET /api/pedidos
[2025-12-31T00:11:21.479Z] ::1 - GET /api/pedidos
[2025-12-31T00:11:26.395Z] ::1 - GET /index.html
[2025-12-31T00:11:26.456Z] ::1 - GET /css/style.css?v=20251231
[2025-12-31T00:11:26.471Z] ::1 - GET /images/hero-sabonetes.svg
[2025-12-31T00:11:26.472Z] ::1 - GET /js/config.js?v=20251231
[2025-12-31T00:11:26.473Z] ::1 - GET /js/rastreio.js?v=20251231
[2025-12-31T00:11:26.473Z] ::1 - GET /js/script.js?v=20251231
[2025-12-31T00:11:26.474Z] ::1 - GET /js/suporte.js?v=20251231
[2025-12-31T00:11:26.500Z] ::1 - GET /api/suporte/ai/status
[2025-12-31T00:11:27.715Z] ::1 - GET /api/pedidos
[2025-12-31T00:12:06.791Z] ::1 - GET /index.html
[2025-12-31T00:12:06.870Z] ::1 - GET /css/style.css?v=20251231
[2025-12-31T00:12:06.875Z] ::1 - GET /images/hero-sabonetes.svg
[2025-12-31T00:12:06.876Z] ::1 - GET /js/config.js?v=20251231
[2025-12-31T00:12:06.886Z] ::1 - GET /js/rastreio.js?v=20251231
[2025-12-31T00:12:06.889Z] ::1 - GET /js/script.js?v=20251231
[2025-12-31T00:12:06.889Z] ::1 - GET /js/suporte.js?v=20251231
[2025-12-31T00:12:06.919Z] ::1 - GET /api/suporte/ai/status
[2025-12-31T00:13:00.691Z] ::1 - GET /api/pedidos
[2025-12-31T00:13:02.572Z] ::1 - GET /api/pedidos
[2025-12-31T00:13:56.658Z] ::1 - GET /perfil.html?id=f756a835-9e8b-44d4-8d0f-bfe807f0d0ba&vscodeBrowserReqId=1767140036652
[2025-12-31T00:14:31.453Z] ::1 - GET /index.html
[2025-12-31T00:14:31.529Z] ::1 - GET /css/style.css?v=20251231
[2025-12-31T00:14:31.530Z] ::1 - GET /images/hero-sabonetes.svg
[2025-12-31T00:14:31.535Z] ::1 - GET /js/config.js?v=20251231
[2025-12-31T00:14:31.540Z] ::1 - GET /js/rastreio.js?v=20251231
[2025-12-31T00:14:31.541Z] ::1 - GET /js/script.js?v=20251231
[2025-12-31T00:14:31.542Z] ::1 - GET /js/suporte.js?v=20251231
[2025-12-31T00:14:31.666Z] ::1 - GET /api/suporte/ai/status
[2025-12-31T00:14:34.955Z] ::1 - GET /perfil.html
[2025-12-31T00:14:35.044Z] ::1 - GET /css/style.css
[2025-12-31T00:14:35.065Z] ::1 - GET /js/config.js?v=20251231
[2025-12-31T00:14:35.067Z] ::1 - GET /js/perfil.js?v=20251231
[2025-12-31T00:14:35.079Z] ::1 - GET /api/pedidos
[2025-12-31T00:14:35.104Z] ::1 - GET /api/pedidos
[2025-12-31T00:32:40.491Z] ::1 - GET /
[2025-12-31T00:32:48.634Z] ::1 - GET /api/pedidos
[2025-12-31T00:33:06.663Z] ::1 - GET /
[2025-12-31T00:33:06.845Z] ::1 - GET /index.html
[2025-12-31T00:33:07.036Z] ::1 - GET /produtos.html
[2025-12-31T00:33:07.200Z] ::1 - GET /carrinho.html
[2025-12-31T00:33:07.331Z] ::1 - GET /pagamento.html
[2025-12-31T00:33:07.479Z] ::1 - GET /confirmacao.html
[2025-12-31T00:33:07.590Z] ::1 - GET /perfil.html
[2025-12-31T00:33:07.899Z] ::1 - GET /admin.html
[2025-12-31T00:33:07.980Z] ::1 - GET /painel.html
[2025-12-31T00:33:08.172Z] ::1 - GET /js/script.js
[2025-12-31T00:33:08.270Z] ::1 - GET /js/rastreio.js
[2025-12-31T00:33:08.379Z] ::1 - GET /css/style.css
[2025-12-31T00:33:09.028Z] ::1 - GET /sw.js
[2025-12-31T00:36:53.399Z] ::1 - POST /api/comprovantes
[2025-12-31T00:37:50.214Z] ::1 - POST /api/pedidos
[2025-12-31T00:37:50.497Z] ::1 - PATCH /api/pedidos/1767141469408
[2025-12-31T00:37:50.658Z] ::1 - GET /api/pedidos
[2025-12-31T00:37:51.064Z] ::1 - DELETE /api/pedidos/1767141469408
[2025-12-31T00:37:51.293Z] ::1 - GET /api/pedidos
[2025-12-31T00:38:02.814Z] ::1 - POST /api/pedidos
[2025-12-31T00:38:02.826Z] ::1 - PATCH /api/pedidos/1767141482806
[2025-12-31T00:38:02.839Z] ::1 - GET /api/pedidos
[2025-12-31T00:38:02.913Z] ::1 - DELETE /api/pedidos/1767141482806
[2025-12-31T00:38:02.947Z] ::1 - GET /api/pedidos
[2025-12-31T00:40:17.419Z] ::1 - GET /?id=f756a835-9e8b-44d4-8d0f-bfe807f0d0ba&vscodeBrowserReqId=1767141617409
[2025-12-31T00:41:00.832Z] ::1 - GET /perfil.html
[2025-12-31T00:41:00.990Z] ::1 - GET /css/style.css
[2025-12-31T00:41:01.010Z] ::1 - GET /js/config.js?v=20251231
[2025-12-31T00:41:01.012Z] ::1 - GET /js/perfil.js?v=20251231
[2025-12-31T00:41:01.109Z] ::1 - GET /api/pedidos
[2025-12-31T00:41:01.239Z] ::1 - GET /api/pedidos
[2025-12-31T00:41:06.035Z] ::1 - GET /index.html
[2025-12-31T00:41:06.246Z] ::1 - GET /css/style.css?v=20251231
[2025-12-31T00:41:06.267Z] ::1 - GET /images/hero-sabonetes.svg
[2025-12-31T00:41:06.270Z] ::1 - GET /js/config.js?v=20251231
[2025-12-31T00:41:06.282Z] ::1 - GET /js/rastreio.js?v=20251231
[2025-12-31T00:41:06.285Z] ::1 - GET /js/script.js?v=20251231
[2025-12-31T00:41:06.287Z] ::1 - GET /js/suporte.js?v=20251231
[2025-12-31T00:41:06.736Z] ::1 - GET /api/suporte/ai/status
[2025-12-31T00:41:11.785Z] ::1 - GET /api/pedidos
[2025-12-31T00:43:14.936Z] ::1 - POST /api/pedidos
[2025-12-31T00:43:18.983Z] ::1 - GET /index.html?id=f756a835-9e8b-44d4-8d0f-bfe807f0d0ba&vscodeBrowserReqId=1767141798977
[2025-12-31T00:46:16.866Z] ::1 - GET /index.html
[2025-12-31T00:46:16.956Z] ::1 - GET /css/style.css?v=20251231
[2025-12-31T00:46:16.989Z] ::1 - GET /images/hero-sabonetes.svg
[2025-12-31T00:46:16.992Z] ::1 - GET /js/config.js?v=20251231
[2025-12-31T00:46:17.013Z] ::1 - GET /js/rastreio.js?v=20251231
[2025-12-31T00:46:17.016Z] ::1 - GET /js/script.js?v=20251231
[2025-12-31T00:46:17.020Z] ::1 - GET /js/suporte.js?v=20251231
[2025-12-31T00:46:17.162Z] ::1 - GET /api/suporte/ai/status
[2025-12-31T00:46:18.208Z] ::1 - GET /api/pedidos
[2025-12-31T00:46:18.251Z] ::1 - GET /api/pedidos
[2025-12-31T00:46:21.841Z] ::1 - GET /carrinho.html
[2025-12-31T00:46:21.967Z] ::1 - GET /css/style.css?v=20251231
[2025-12-31T00:46:21.991Z] ::1 - GET /js/config.js?v=20251231
[2025-12-31T00:46:21.992Z] ::1 - GET /js/rastreio.js?v=20251231
[2025-12-31T00:46:22.001Z] ::1 - GET /js/carrinho.js?v=20251231
[2025-12-31T00:46:22.004Z] ::1 - GET /js/script.js?v=20251231
[2025-12-31T00:46:22.008Z] ::1 - GET /js/suporte.js?v=20251231
[2025-12-31T00:46:22.263Z] ::1 - GET /api/pedidos
[2025-12-31T00:46:22.291Z] ::1 - GET /api/suporte/ai/status
[2025-12-31T00:49:19.059Z] ::1 - GET /painel.html?id=f756a835-9e8b-44d4-8d0f-bfe807f0d0ba&vscodeBrowserReqId=1767142159035
[2025-12-31T00:49:46.757Z] ::1 - GET /carrinho.html
[2025-12-31T00:49:46.867Z] ::1 - GET /css/style.css?v=20251231
[2025-12-31T00:49:46.876Z] ::1 - GET /js/config.js?v=20251231
[2025-12-31T00:49:46.878Z] ::1 - GET /js/rastreio.js?v=20251231
[2025-12-31T00:49:46.892Z] ::1 - GET /js/carrinho.js?v=20251231
[2025-12-31T00:49:46.894Z] ::1 - GET /js/script.js?v=20251231
[2025-12-31T00:49:46.897Z] ::1 - GET /js/suporte.js?v=20251231
[2025-12-31T00:49:47.033Z] ::1 - GET /api/pedidos
[2025-12-31T00:49:47.056Z] ::1 - GET /api/suporte/ai/status
[2025-12-31T00:49:51.248Z] ::1 - GET /painel.html
[2025-12-31T00:49:51.469Z] ::1 - GET /css/style.css
[2025-12-31T00:49:51.482Z] ::1 - GET /js/config.js?v=20251231
[2025-12-31T00:49:51.485Z] ::1 - GET /js/security.js?v=20251231
[2025-12-31T00:49:51.487Z] ::1 - GET /js/painel.js?v=20251231
[2025-12-31T00:49:51.489Z] ::1 - GET /js/suporte.js?v=20251231
[2025-12-31T00:49:51.593Z] ::1 - GET /api/pedidos
[2025-12-31T00:49:51.713Z] ::1 - GET /api/pedidos
[2025-12-31T00:49:51.721Z] ::1 - GET /api/suporte/ai/status
[2025-12-31T00:49:51.737Z] ::1 - GET /api/pedidos
[2025-12-31T00:49:57.493Z] ::1 - GET /api/pedidos
[2025-12-31T00:50:10.437Z] ::1 - GET /api/pedidos
[2025-12-31T00:50:19.207Z] ::1 - GET /painel.html
[2025-12-31T00:50:19.357Z] ::1 - GET /css/style.css
[2025-12-31T00:50:19.368Z] ::1 - GET /js/config.js?v=20251231
[2025-12-31T00:50:19.371Z] ::1 - GET /js/security.js?v=20251231
[2025-12-31T00:50:19.383Z] ::1 - GET /js/painel.js?v=20251231
[2025-12-31T00:50:19.387Z] ::1 - GET /js/suporte.js?v=20251231
[2025-12-31T00:50:19.464Z] ::1 - GET /api/pedidos
[2025-12-31T00:50:19.666Z] ::1 - GET /api/pedidos
[2025-12-31T00:50:19.691Z] ::1 - GET /api/suporte/ai/status
[2025-12-31T00:50:19.729Z] ::1 - GET /api/pedidos
[2025-12-31T00:50:48.529Z] ::1 - GET /painel.html
[2025-12-31T00:50:48.714Z] ::1 - GET /css/style.css
[2025-12-31T00:50:48.721Z] ::1 - GET /js/config.js?v=20251231
[2025-12-31T00:50:48.726Z] ::1 - GET /js/security.js?v=20251231
[2025-12-31T00:50:48.736Z] ::1 - GET /js/painel.js?v=20251231
[2025-12-31T00:50:48.740Z] ::1 - GET /js/suporte.js?v=20251231
[2025-12-31T00:50:48.847Z] ::1 - GET /api/pedidos
[2025-12-31T00:50:48.976Z] ::1 - GET /api/pedidos
[2025-12-31T00:50:48.986Z] ::1 - GET /api/suporte/ai/status
[2025-12-31T00:50:49.004Z] ::1 - GET /api/pedidos
[2025-12-31T00:50:49.726Z] ::1 - GET /api/pedidos
[2025-12-31T00:50:53.860Z] ::1 - GET /api/pedidos
[2025-12-31T00:51:27.930Z] ::1 - GET /index.html
[2025-12-31T00:51:28.148Z] ::1 - GET /css/style.css?v=20251231
[2025-12-31T00:51:28.162Z] ::1 - GET /images/hero-sabonetes.svg
[2025-12-31T00:51:28.172Z] ::1 - GET /js/config.js?v=20251231
[2025-12-31T00:51:28.181Z] ::1 - GET /js/rastreio.js?v=20251231
[2025-12-31T00:51:28.187Z] ::1 - GET /js/script.js?v=20251231
[2025-12-31T00:51:28.191Z] ::1 - GET /js/suporte.js?v=20251231
[2025-12-31T00:51:28.449Z] ::1 - GET /api/suporte/ai/status
[2025-12-31T00:51:29.346Z] ::1 - GET /api/pedidos
[2025-12-31T00:51:29.388Z] ::1 - GET /api/pedidos
[2025-12-31T00:53:23.503Z] ::1 - GET /carrinho.html?id=f756a835-9e8b-44d4-8d0f-bfe807f0d0ba&vscodeBrowserReqId=1767142403493
[2025-12-31T00:54:08.485Z] ::1 - GET /carrinho.html?id=f756a835-9e8b-44d4-8d0f-bfe807f0d0ba&vscodeBrowserReqId=1767142448483
[2025-12-31T00:54:32.160Z] ::1 - GET /index.html
[2025-12-31T00:54:32.258Z] ::1 - GET /css/style.css?v=20251231
[2025-12-31T00:54:32.285Z] ::1 - GET /images/hero-sabonetes.svg
[2025-12-31T00:54:32.288Z] ::1 - GET /js/config.js?v=20251231
[2025-12-31T00:54:32.289Z] ::1 - GET /js/rastreio.js?v=20251231
[2025-12-31T00:54:32.291Z] ::1 - GET /js/script.js?v=20251231
[2025-12-31T00:54:32.292Z] ::1 - GET /js/suporte.js?v=20251231
[2025-12-31T00:54:32.357Z] ::1 - GET /api/suporte/ai/status
[2025-12-31T00:54:33.914Z] ::1 - GET /produtos.html
[2025-12-31T00:54:34.159Z] ::1 - GET /css/style.css?v=20251231
[2025-12-31T00:54:34.177Z] ::1 - GET /js/config.js?v=20251231
[2025-12-31T00:54:34.179Z] ::1 - GET /js/rastreio.js?v=20251231
[2025-12-31T00:54:34.189Z] ::1 - GET /js/produtos.js?v=20251231
[2025-12-31T00:54:34.192Z] ::1 - GET /js/script.js?v=20251231
[2025-12-31T00:54:34.194Z] ::1 - GET /js/suporte.js?v=20251231
[2025-12-31T00:54:34.836Z] ::1 - GET /api/suporte/ai/status
[2025-12-31T00:54:38.239Z] ::1 - GET /carrinho.html
[2025-12-31T00:54:38.366Z] ::1 - GET /css/style.css?v=20251231
[2025-12-31T00:54:38.367Z] ::1 - GET /js/config.js?v=20251231
[2025-12-31T00:54:38.369Z] ::1 - GET /js/rastreio.js?v=20251231
[2025-12-31T00:54:38.371Z] ::1 - GET /js/carrinho.js?v=20251231
[2025-12-31T00:54:38.373Z] ::1 - GET /js/script.js?v=20251231
[2025-12-31T00:54:38.374Z] ::1 - GET /js/suporte.js?v=20251231
[2025-12-31T00:54:38.457Z] ::1 - GET /api/pedidos
[2025-12-31T00:54:38.499Z] ::1 - GET /api/suporte/ai/status
[2025-12-31T00:54:44.259Z] ::1 - GET /produtos.html
[2025-12-31T00:54:44.381Z] ::1 - GET /css/style.css?v=20251231
[2025-12-31T00:54:44.399Z] ::1 - GET /js/config.js?v=20251231
[2025-12-31T00:54:44.410Z] ::1 - GET /js/suporte.js?v=20251231
[2025-12-31T00:54:44.413Z] ::1 - GET /js/produtos.js?v=20251231
[2025-12-31T00:54:44.416Z] ::1 - GET /js/rastreio.js?v=20251231
[2025-12-31T00:54:44.418Z] ::1 - GET /js/script.js?v=20251231
[2025-12-31T00:54:44.820Z] ::1 - GET /api/suporte/ai/status
[2025-12-31T00:54:48.652Z] ::1 - GET /carrinho.html
[2025-12-31T00:54:48.834Z] ::1 - GET /css/style.css?v=20251231
[2025-12-31T00:54:48.841Z] ::1 - GET /js/config.js?v=20251231
[2025-12-31T00:54:48.847Z] ::1 - GET /js/rastreio.js?v=20251231
[2025-12-31T00:54:48.850Z] ::1 - GET /js/carrinho.js?v=20251231
[2025-12-31T00:54:48.853Z] ::1 - GET /js/script.js?v=20251231
[2025-12-31T00:54:48.855Z] ::1 - GET /js/suporte.js?v=20251231
[2025-12-31T00:54:48.999Z] ::1 - GET /api/pedidos
[2025-12-31T00:54:49.038Z] ::1 - GET /api/suporte/ai/status
[2025-12-31T00:55:10.965Z] ::1 - GET /api/pedidos
[2025-12-31T00:55:11.028Z] ::1 - GET /api/pedidos
[2025-12-31T00:55:12.024Z] ::1 - GET /api/pedidos
[2025-12-31T00:55:12.066Z] ::1 - GET /api/pedidos
[2025-12-31T00:55:12.793Z] ::1 - GET /api/pedidos
[2025-12-31T00:55:12.826Z] ::1 - GET /api/pedidos
[2025-12-31T00:55:13.741Z] ::1 - GET /index.html
[2025-12-31T00:55:13.879Z] ::1 - GET /css/style.css?v=20251231
[2025-12-31T00:55:13.895Z] ::1 - GET /images/hero-sabonetes.svg
[2025-12-31T00:55:13.898Z] ::1 - GET /js/config.js?v=20251231
[2025-12-31T00:55:13.900Z] ::1 - GET /js/rastreio.js?v=20251231
[2025-12-31T00:55:13.903Z] ::1 - GET /js/script.js?v=20251231
[2025-12-31T00:55:13.904Z] ::1 - GET /js/suporte.js?v=20251231
[2025-12-31T00:55:14.113Z] ::1 - GET /api/suporte/ai/status
[2025-12-31T01:00:33.105Z] ::1 - GET /carrinho.html
[2025-12-31T01:00:33.209Z] ::1 - GET /css/style.css?v=20251231
[2025-12-31T01:00:33.214Z] ::1 - GET /js/config.js?v=20251231
[2025-12-31T01:00:33.216Z] ::1 - GET /js/rastreio.js?v=20251231
[2025-12-31T01:00:33.218Z] ::1 - GET /js/script.js?v=20251231
[2025-12-31T01:00:33.219Z] ::1 - GET /js/suporte.js?v=20251231
[2025-12-31T01:00:33.220Z] ::1 - GET /js/carrinho.js?v=20251231
[2025-12-31T01:00:33.357Z] ::1 - GET /api/pedidos
[2025-12-31T01:00:33.377Z] ::1 - GET /api/suporte/ai/status
[2025-12-31T01:00:41.421Z] ::1 - GET /painel.html
[2025-12-31T01:00:41.547Z] ::1 - GET /css/style.css
[2025-12-31T01:00:41.549Z] ::1 - GET /js/config.js?v=20251231
[2025-12-31T01:00:41.551Z] ::1 - GET /js/security.js?v=20251231
[2025-12-31T01:00:41.553Z] ::1 - GET /js/painel.js?v=20251231
[2025-12-31T01:00:41.555Z] ::1 - GET /js/suporte.js?v=20251231
[2025-12-31T01:00:41.613Z] ::1 - GET /api/pedidos
[2025-12-31T01:00:41.750Z] ::1 - GET /api/pedidos
[2025-12-31T01:00:41.769Z] ::1 - GET /api/suporte/ai/status
[2025-12-31T01:00:41.795Z] ::1 - GET /api/pedidos
[2025-12-31T01:00:44.769Z] ::1 - GET /api/pedidos
[2025-12-31T01:01:05.266Z] ::1 - GET /api/pedidos
[2025-12-31T01:01:05.966Z] ::1 - GET /api/pedidos
[2025-12-31T01:10:43.074Z] ::1 - GET /painel.html
[2025-12-31T01:10:43.185Z] ::1 - GET /css/style.css
[2025-12-31T01:10:43.187Z] ::1 - GET /js/config.js?v=20251231
[2025-12-31T01:10:43.190Z] ::1 - GET /js/security.js?v=20251231
[2025-12-31T01:10:43.193Z] ::1 - GET /js/painel.js?v=20251231
[2025-12-31T01:10:43.196Z] ::1 - GET /js/suporte.js?v=20251231
[2025-12-31T01:10:43.316Z] ::1 - GET /api/pedidos
[2025-12-31T01:10:43.397Z] ::1 - GET /api/pedidos
[2025-12-31T01:10:43.409Z] ::1 - GET /api/suporte/ai/status
[2025-12-31T01:10:43.412Z] ::1 - GET /api/pedidos
[2025-12-31T01:10:44.278Z] ::1 - GET /painel.html
[2025-12-31T01:10:44.335Z] ::1 - GET /css/style.css
[2025-12-31T01:10:44.336Z] ::1 - GET /js/config.js?v=20251231
[2025-12-31T01:10:44.337Z] ::1 - GET /js/security.js?v=20251231
[2025-12-31T01:10:44.338Z] ::1 - GET /js/painel.js?v=20251231
[2025-12-31T01:10:44.339Z] ::1 - GET /js/suporte.js?v=20251231
[2025-12-31T01:10:44.361Z] ::1 - GET /api/pedidos
[2025-12-31T01:10:44.400Z] ::1 - GET /api/pedidos
[2025-12-31T01:10:44.401Z] ::1 - GET /api/suporte/ai/status
[2025-12-31T01:10:44.408Z] ::1 - GET /api/pedidos
[2025-12-31T01:10:46.651Z] ::1 - GET /index.html
[2025-12-31T01:10:46.720Z] ::1 - GET /css/style.css?v=20251231
[2025-12-31T01:10:46.722Z] ::1 - GET /images/hero-sabonetes.svg
[2025-12-31T01:10:46.723Z] ::1 - GET /js/config.js?v=20251231
[2025-12-31T01:10:46.725Z] ::1 - GET /js/rastreio.js?v=20251231
[2025-12-31T01:10:46.727Z] ::1 - GET /js/script.js?v=20251231
[2025-12-31T01:10:46.729Z] ::1 - GET /js/suporte.js?v=20251231
[2025-12-31T01:10:46.820Z] ::1 - GET /api/suporte/ai/status
[2025-12-31T01:10:48.802Z] ::1 - GET /index.html
[2025-12-31T01:10:48.873Z] ::1 - GET /css/style.css?v=20251231
[2025-12-31T01:10:48.902Z] ::1 - GET /images/hero-sabonetes.svg
[2025-12-31T01:10:48.902Z] ::1 - GET /js/config.js?v=20251231
[2025-12-31T01:10:48.903Z] ::1 - GET /js/rastreio.js?v=20251231
[2025-12-31T01:10:48.903Z] ::1 - GET /js/script.js?v=20251231
[2025-12-31T01:10:48.903Z] ::1 - GET /js/suporte.js?v=20251231
[2025-12-31T01:10:48.927Z] ::1 - GET /api/suporte/ai/status
[2025-12-31T01:10:53.388Z] ::1 - GET /api/pedidos
[2025-12-31T01:10:53.439Z] ::1 - GET /api/pedidos
[2025-12-31T01:10:57.077Z] ::1 - GET /produtos.html
[2025-12-31T01:10:57.167Z] ::1 - GET /css/style.css?v=20251231
[2025-12-31T01:10:57.194Z] ::1 - GET /js/config.js?v=20251231
[2025-12-31T01:10:57.196Z] ::1 - GET /js/rastreio.js?v=20251231
[2025-12-31T01:10:57.196Z] ::1 - GET /js/produtos.js?v=20251231
[2025-12-31T01:10:57.197Z] ::1 - GET /js/script.js?v=20251231
[2025-12-31T01:10:57.198Z] ::1 - GET /js/suporte.js?v=20251231
[2025-12-31T01:10:57.339Z] ::1 - GET /api/suporte/ai/status
[2025-12-31T01:16:10.643Z] ::1 - GET /produtos.html
[2025-12-31T01:16:10.728Z] ::1 - GET /css/style.css?v=20251231
[2025-12-31T01:16:10.746Z] ::1 - GET /js/config.js?v=20251231
[2025-12-31T01:16:10.748Z] ::1 - GET /js/rastreio.js?v=20251231
[2025-12-31T01:16:10.749Z] ::1 - GET /js/produtos.js?v=20251231
[2025-12-31T01:16:10.750Z] ::1 - GET /js/script.js?v=20251231
[2025-12-31T01:16:10.751Z] ::1 - GET /js/suporte.js?v=20251231
[2025-12-31T01:16:10.924Z] ::1 - GET /api/suporte/ai/status
[2025-12-31T01:16:15.551Z] ::1 - GET /carrinho.html
[2025-12-31T01:16:15.631Z] ::1 - GET /css/style.css?v=20251231
[2025-12-31T01:16:15.633Z] ::1 - GET /js/config.js?v=20251231
[2025-12-31T01:16:15.634Z] ::1 - GET /js/rastreio.js?v=20251231
[2025-12-31T01:16:15.635Z] ::1 - GET /js/carrinho.js?v=20251231
[2025-12-31T01:16:15.638Z] ::1 - GET /js/script.js?v=20251231
[2025-12-31T01:16:15.640Z] ::1 - GET /js/suporte.js?v=20251231
[2025-12-31T01:16:15.660Z] ::1 - GET /api/pedidos
[2025-12-31T01:16:15.666Z] ::1 - GET /api/suporte/ai/status
[2025-12-31T01:19:40.740Z] ::1 - GET /carrinho.html
[2025-12-31T01:19:40.842Z] ::1 - GET /css/style.css?v=20251231
[2025-12-31T01:19:40.847Z] ::1 - GET /js/config.js?v=20251231
[2025-12-31T01:19:40.850Z] ::1 - GET /js/rastreio.js?v=20251231
[2025-12-31T01:19:40.852Z] ::1 - GET /js/carrinho.js?v=20251231
[2025-12-31T01:19:40.854Z] ::1 - GET /js/script.js?v=20251231
[2025-12-31T01:19:40.855Z] ::1 - GET /js/suporte.js?v=20251231
[2025-12-31T01:19:40.897Z] ::1 - GET /api/pedidos
[2025-12-31T01:19:40.906Z] ::1 - GET /api/suporte/ai/status
[2025-12-31T01:19:41.741Z] ::1 - GET /carrinho.html
[2025-12-31T01:19:41.800Z] ::1 - GET /css/style.css?v=20251231
[2025-12-31T01:19:41.802Z] ::1 - GET /js/config.js?v=20251231
[2025-12-31T01:19:41.802Z] ::1 - GET /js/rastreio.js?v=20251231
[2025-12-31T01:19:41.803Z] ::1 - GET /js/carrinho.js?v=20251231
[2025-12-31T01:19:41.803Z] ::1 - GET /js/script.js?v=20251231
[2025-12-31T01:19:41.804Z] ::1 - GET /js/suporte.js?v=20251231
[2025-12-31T01:19:41.932Z] ::1 - GET /api/pedidos
[2025-12-31T01:19:41.956Z] ::1 - GET /api/suporte/ai/status
[2025-12-31T01:19:45.239Z] ::1 - GET /produtos.html
[2025-12-31T01:19:45.338Z] ::1 - GET /css/style.css?v=20251231
[2025-12-31T01:19:45.351Z] ::1 - GET /js/config.js?v=20251231
[2025-12-31T01:19:45.351Z] ::1 - GET /js/rastreio.js?v=20251231
[2025-12-31T01:19:45.352Z] ::1 - GET /js/produtos.js?v=20251231
[2025-12-31T01:19:45.352Z] ::1 - GET /js/script.js?v=20251231
[2025-12-31T01:19:45.353Z] ::1 - GET /js/suporte.js?v=20251231
[2025-12-31T01:19:45.475Z] ::1 - GET /api/suporte/ai/status
[2025-12-31T01:19:53.337Z] ::1 - GET /api/pedidos
[2025-12-31T01:19:53.383Z] ::1 - GET /api/pedidos
[2025-12-31T01:19:56.206Z] ::1 - GET /index.html
[2025-12-31T01:19:56.286Z] ::1 - GET /css/style.css?v=20251231
[2025-12-31T01:19:56.290Z] ::1 - GET /images/hero-sabonetes.svg
[2025-12-31T01:19:56.295Z] ::1 - GET /js/config.js?v=20251231
[2025-12-31T01:19:56.296Z] ::1 - GET /js/rastreio.js?v=20251231
[2025-12-31T01:19:56.297Z] ::1 - GET /js/script.js?v=20251231
[2025-12-31T01:19:56.299Z] ::1 - GET /js/suporte.js?v=20251231
[2025-12-31T01:19:56.330Z] ::1 - GET /api/suporte/ai/status
